[2023-02-02 11:44:53,080] INFO Shutting down the log cleaner. (kafka.log.LogCleaner)
[2023-02-02 11:44:53,081] INFO [kafka-log-cleaner-thread-0]: Shutting down (kafka.log.LogCleaner)
[2023-02-02 11:44:53,082] INFO [kafka-log-cleaner-thread-0]: Stopped (kafka.log.LogCleaner)
[2023-02-02 11:44:53,082] INFO [kafka-log-cleaner-thread-0]: Shutdown completed (kafka.log.LogCleaner)
[2023-02-02 11:45:08,608] INFO Starting the log cleaner (kafka.log.LogCleaner)
[2023-02-02 11:45:08,708] INFO [kafka-log-cleaner-thread-0]: Starting (kafka.log.LogCleaner)
[2023-02-02 11:45:09,919] INFO Shutting down the log cleaner. (kafka.log.LogCleaner)
[2023-02-02 11:45:09,919] INFO [kafka-log-cleaner-thread-0]: Shutting down (kafka.log.LogCleaner)
[2023-02-02 11:45:09,922] INFO [kafka-log-cleaner-thread-0]: Stopped (kafka.log.LogCleaner)
[2023-02-02 11:45:09,922] INFO [kafka-log-cleaner-thread-0]: Shutdown completed (kafka.log.LogCleaner)
[2023-02-02 11:45:20,201] INFO Starting the log cleaner (kafka.log.LogCleaner)
[2023-02-02 11:45:20,347] INFO [kafka-log-cleaner-thread-0]: Starting (kafka.log.LogCleaner)
[2023-02-02 11:45:21,104] INFO Shutting down the log cleaner. (kafka.log.LogCleaner)
[2023-02-02 11:45:21,104] INFO [kafka-log-cleaner-thread-0]: Shutting down (kafka.log.LogCleaner)
[2023-02-02 11:45:21,104] INFO [kafka-log-cleaner-thread-0]: Stopped (kafka.log.LogCleaner)
[2023-02-02 11:45:21,104] INFO [kafka-log-cleaner-thread-0]: Shutdown completed (kafka.log.LogCleaner)
[2023-02-02 11:45:30,719] INFO Starting the log cleaner (kafka.log.LogCleaner)
[2023-02-02 11:45:30,959] INFO [kafka-log-cleaner-thread-0]: Starting (kafka.log.LogCleaner)
[2023-02-02 13:05:10,655] INFO Starting the log cleaner (kafka.log.LogCleaner)
[2023-02-02 13:05:10,732] INFO [kafka-log-cleaner-thread-0]: Starting (kafka.log.LogCleaner)
[2023-02-02 13:05:11,208] INFO Shutting down the log cleaner. (kafka.log.LogCleaner)
[2023-02-02 13:05:11,208] INFO [kafka-log-cleaner-thread-0]: Shutting down (kafka.log.LogCleaner)
[2023-02-02 13:05:11,210] INFO [kafka-log-cleaner-thread-0]: Stopped (kafka.log.LogCleaner)
[2023-02-02 13:05:11,210] INFO [kafka-log-cleaner-thread-0]: Shutdown completed (kafka.log.LogCleaner)
[2023-02-02 13:06:04,746] INFO Starting the log cleaner (kafka.log.LogCleaner)
[2023-02-02 13:06:04,813] INFO [kafka-log-cleaner-thread-0]: Starting (kafka.log.LogCleaner)
[2023-02-02 13:06:05,288] INFO Shutting down the log cleaner. (kafka.log.LogCleaner)
[2023-02-02 13:06:05,288] INFO [kafka-log-cleaner-thread-0]: Shutting down (kafka.log.LogCleaner)
[2023-02-02 13:06:05,291] INFO [kafka-log-cleaner-thread-0]: Stopped (kafka.log.LogCleaner)
[2023-02-02 13:06:05,291] INFO [kafka-log-cleaner-thread-0]: Shutdown completed (kafka.log.LogCleaner)
[2023-02-02 13:07:54,200] INFO Starting the log cleaner (kafka.log.LogCleaner)
[2023-02-02 13:07:54,278] INFO [kafka-log-cleaner-thread-0]: Starting (kafka.log.LogCleaner)
[2023-02-02 13:07:54,731] INFO Shutting down the log cleaner. (kafka.log.LogCleaner)
[2023-02-02 13:07:54,731] INFO [kafka-log-cleaner-thread-0]: Shutting down (kafka.log.LogCleaner)
[2023-02-02 13:07:54,747] INFO [kafka-log-cleaner-thread-0]: Stopped (kafka.log.LogCleaner)
[2023-02-02 13:07:54,747] INFO [kafka-log-cleaner-thread-0]: Shutdown completed (kafka.log.LogCleaner)
[2023-02-02 13:08:17,638] INFO Shutting down the log cleaner. (kafka.log.LogCleaner)
[2023-02-02 13:08:17,638] INFO [kafka-log-cleaner-thread-0]: Shutting down (kafka.log.LogCleaner)
[2023-02-02 13:08:17,638] INFO [kafka-log-cleaner-thread-0]: Stopped (kafka.log.LogCleaner)
[2023-02-02 13:08:17,638] INFO [kafka-log-cleaner-thread-0]: Shutdown completed (kafka.log.LogCleaner)
[2023-02-02 13:08:40,054] INFO Starting the log cleaner (kafka.log.LogCleaner)
[2023-02-02 13:08:40,121] INFO [kafka-log-cleaner-thread-0]: Starting (kafka.log.LogCleaner)
[2023-02-02 13:08:55,486] INFO Starting the log cleaner (kafka.log.LogCleaner)
[2023-02-02 13:08:55,553] INFO [kafka-log-cleaner-thread-0]: Starting (kafka.log.LogCleaner)
[2023-02-02 13:08:56,043] INFO Shutting down the log cleaner. (kafka.log.LogCleaner)
[2023-02-02 13:08:56,044] INFO [kafka-log-cleaner-thread-0]: Shutting down (kafka.log.LogCleaner)
[2023-02-02 13:08:56,047] INFO [kafka-log-cleaner-thread-0]: Stopped (kafka.log.LogCleaner)
[2023-02-02 13:08:56,047] INFO [kafka-log-cleaner-thread-0]: Shutdown completed (kafka.log.LogCleaner)
[2023-02-02 13:12:32,391] INFO Shutting down the log cleaner. (kafka.log.LogCleaner)
[2023-02-02 13:12:32,391] INFO [kafka-log-cleaner-thread-0]: Shutting down (kafka.log.LogCleaner)
[2023-02-02 13:12:32,391] INFO [kafka-log-cleaner-thread-0]: Stopped (kafka.log.LogCleaner)
[2023-02-02 13:12:32,391] INFO [kafka-log-cleaner-thread-0]: Shutdown completed (kafka.log.LogCleaner)
[2023-02-02 13:13:03,490] INFO Starting the log cleaner (kafka.log.LogCleaner)
[2023-02-02 13:13:03,568] INFO [kafka-log-cleaner-thread-0]: Starting (kafka.log.LogCleaner)
[2023-02-02 13:13:05,724] INFO Shutting down the log cleaner. (kafka.log.LogCleaner)
[2023-02-02 13:13:05,725] INFO [kafka-log-cleaner-thread-0]: Shutting down (kafka.log.LogCleaner)
[2023-02-02 13:13:05,726] INFO [kafka-log-cleaner-thread-0]: Stopped (kafka.log.LogCleaner)
[2023-02-02 13:13:05,726] INFO [kafka-log-cleaner-thread-0]: Shutdown completed (kafka.log.LogCleaner)
[2023-02-02 13:13:14,251] INFO Starting the log cleaner (kafka.log.LogCleaner)
[2023-02-02 13:13:14,334] INFO [kafka-log-cleaner-thread-0]: Starting (kafka.log.LogCleaner)
[2023-02-02 13:13:20,553] INFO Starting the log cleaner (kafka.log.LogCleaner)
[2023-02-02 13:13:20,655] INFO [kafka-log-cleaner-thread-0]: Starting (kafka.log.LogCleaner)
[2023-02-02 13:13:33,127] INFO Starting the log cleaner (kafka.log.LogCleaner)
[2023-02-02 13:13:33,206] INFO [kafka-log-cleaner-thread-0]: Starting (kafka.log.LogCleaner)
[2023-02-04 15:36:39,624] INFO Starting the log cleaner (kafka.log.LogCleaner)
[2023-02-04 15:36:39,730] INFO [kafka-log-cleaner-thread-0]: Starting (kafka.log.LogCleaner)
[2023-02-04 15:36:59,695] INFO Starting the log cleaner (kafka.log.LogCleaner)
[2023-02-04 15:36:59,763] INFO [kafka-log-cleaner-thread-0]: Starting (kafka.log.LogCleaner)
[2023-02-04 15:37:13,803] INFO Starting the log cleaner (kafka.log.LogCleaner)
[2023-02-04 15:37:13,870] INFO [kafka-log-cleaner-thread-0]: Starting (kafka.log.LogCleaner)
[2023-02-11 15:29:24,011] INFO Shutting down the log cleaner. (kafka.log.LogCleaner)
[2023-02-11 15:29:24,014] INFO [kafka-log-cleaner-thread-0]: Shutting down (kafka.log.LogCleaner)
[2023-02-11 15:29:24,027] INFO [kafka-log-cleaner-thread-0]: Stopped (kafka.log.LogCleaner)
[2023-02-11 15:29:24,028] INFO [kafka-log-cleaner-thread-0]: Shutdown completed (kafka.log.LogCleaner)
[2023-02-11 15:29:29,160] INFO Shutting down the log cleaner. (kafka.log.LogCleaner)
[2023-02-11 15:29:29,162] INFO [kafka-log-cleaner-thread-0]: Shutting down (kafka.log.LogCleaner)
[2023-02-11 15:29:29,163] INFO [kafka-log-cleaner-thread-0]: Stopped (kafka.log.LogCleaner)
[2023-02-11 15:29:29,163] INFO [kafka-log-cleaner-thread-0]: Shutdown completed (kafka.log.LogCleaner)
[2023-02-11 15:29:47,660] INFO Starting the log cleaner (kafka.log.LogCleaner)
[2023-02-11 15:29:47,856] INFO [kafka-log-cleaner-thread-0]: Starting (kafka.log.LogCleaner)
[2023-02-11 15:29:48,455] INFO Starting the log cleaner (kafka.log.LogCleaner)
[2023-02-11 15:29:48,645] INFO [kafka-log-cleaner-thread-0]: Starting (kafka.log.LogCleaner)
[2023-02-11 15:29:56,329] INFO Starting the log cleaner (kafka.log.LogCleaner)
[2023-02-11 15:29:56,516] INFO [kafka-log-cleaner-thread-0]: Starting (kafka.log.LogCleaner)
[2023-02-11 15:30:03,025] INFO Cleaner 0: Beginning cleaning of log __consumer_offsets-6 (kafka.log.LogCleaner)
[2023-02-11 15:30:03,026] INFO Cleaner 0: Building offset map for __consumer_offsets-6... (kafka.log.LogCleaner)
[2023-02-11 15:30:03,085] INFO Cleaner 0: Building offset map for log __consumer_offsets-6 for 1 segments in offset range [0, 199). (kafka.log.LogCleaner)
[2023-02-11 15:30:03,135] INFO Cleaner 0: Offset map for log __consumer_offsets-6 complete. (kafka.log.LogCleaner)
[2023-02-11 15:30:03,139] INFO Cleaner 0: Cleaning log __consumer_offsets-6 (cleaning prior to Tue Jan 31 23:33:49 IST 2023, discarding tombstones prior to upper bound deletion horizon Thu Jan 01 05:30:00 IST 1970)... (kafka.log.LogCleaner)
[2023-02-11 15:30:03,156] INFO Cleaner 0: Cleaning LogSegment(baseOffset=0, size=22513, lastModifiedTime=1675188229878, largestRecordTimestamp=Some(1675188229875)) in log __consumer_offsets-6 into 0 with an upper bound deletion horizon 0 computed from the segment last modified time of 1675188229878,retaining deletes. (kafka.log.LogCleaner)
[2023-02-11 15:30:03,205] INFO Cleaner 0: Swapping in cleaned segment LogSegment(baseOffset=0, size=310, lastModifiedTime=1675188229878, largestRecordTimestamp=Some(1675188229875)) for segment(s) List(LogSegment(baseOffset=0, size=22513, lastModifiedTime=1675188229878, largestRecordTimestamp=Some(1675188229875))) in log Log(dir=C:\tmp\kafka-logs\__consumer_offsets-6, topicId=WX2zNAFfSXyDCUNjGn6kLA, topic=__consumer_offsets, partition=6, highWatermark=200, lastStableOffset=200, logStartOffset=0, logEndOffset=200) (kafka.log.LogCleaner)
[2023-02-11 15:30:03,256] INFO Cleaner 0: Beginning cleaning of log __consumer_offsets-6 (kafka.log.LogCleaner)
[2023-02-11 15:30:03,256] INFO Cleaner 0: Building offset map for __consumer_offsets-6... (kafka.log.LogCleaner)
[2023-02-11 15:33:20,577] INFO Starting the log cleaner (kafka.log.LogCleaner)
[2023-02-11 15:33:20,672] INFO [kafka-log-cleaner-thread-0]: Starting (kafka.log.LogCleaner)
[2023-02-11 15:33:35,722] INFO Cleaner 0: Beginning cleaning of log __consumer_offsets-6 (kafka.log.LogCleaner)
[2023-02-11 15:33:35,723] INFO Cleaner 0: Building offset map for __consumer_offsets-6... (kafka.log.LogCleaner)
[2023-02-11 15:33:35,763] INFO Cleaner 0: Building offset map for log __consumer_offsets-6 for 1 segments in offset range [0, 199). (kafka.log.LogCleaner)
[2023-02-11 15:33:35,818] INFO Cleaner 0: Offset map for log __consumer_offsets-6 complete. (kafka.log.LogCleaner)
[2023-02-11 15:33:35,820] INFO Cleaner 0: Cleaning log __consumer_offsets-6 (cleaning prior to Tue Jan 31 23:33:49 IST 2023, discarding tombstones prior to upper bound deletion horizon Thu Jan 01 05:30:00 IST 1970)... (kafka.log.LogCleaner)
[2023-02-11 15:33:35,832] INFO Cleaner 0: Cleaning LogSegment(baseOffset=0, size=22513, lastModifiedTime=1675188229878, largestRecordTimestamp=Some(1675188229875)) in log __consumer_offsets-6 into 0 with an upper bound deletion horizon 0 computed from the segment last modified time of 1675188229878,retaining deletes. (kafka.log.LogCleaner)
[2023-02-11 15:33:35,887] INFO Cleaner 0: Swapping in cleaned segment LogSegment(baseOffset=0, size=310, lastModifiedTime=1675188229878, largestRecordTimestamp=Some(1675188229875)) for segment(s) List(LogSegment(baseOffset=0, size=22513, lastModifiedTime=1675188229878, largestRecordTimestamp=Some(1675188229875))) in log Log(dir=C:\tmp\kafka-logs\__consumer_offsets-6, topicId=WX2zNAFfSXyDCUNjGn6kLA, topic=__consumer_offsets, partition=6, highWatermark=200, lastStableOffset=200, logStartOffset=0, logEndOffset=200) (kafka.log.LogCleaner)
[2023-02-11 15:33:35,934] INFO Cleaner 0: Beginning cleaning of log __consumer_offsets-6 (kafka.log.LogCleaner)
[2023-02-11 15:33:35,934] INFO Cleaner 0: Building offset map for __consumer_offsets-6... (kafka.log.LogCleaner)
[2023-02-11 15:33:35,978] INFO Cleaner 0: Building offset map for log __consumer_offsets-6 for 1 segments in offset range [0, 199). (kafka.log.LogCleaner)
[2023-02-11 15:33:35,988] INFO Cleaner 0: Offset map for log __consumer_offsets-6 complete. (kafka.log.LogCleaner)
[2023-02-11 15:33:35,989] INFO Cleaner 0: Cleaning log __consumer_offsets-6 (cleaning prior to Tue Jan 31 23:33:49 IST 2023, discarding tombstones prior to upper bound deletion horizon Thu Jan 01 05:30:00 IST 1970)... (kafka.log.LogCleaner)
[2023-02-11 15:34:05,353] INFO Starting the log cleaner (kafka.log.LogCleaner)
[2023-02-11 15:34:05,444] INFO [kafka-log-cleaner-thread-0]: Starting (kafka.log.LogCleaner)
[2023-02-11 15:34:20,497] INFO Cleaner 0: Beginning cleaning of log __consumer_offsets-6 (kafka.log.LogCleaner)
[2023-02-11 15:34:20,499] INFO Cleaner 0: Building offset map for __consumer_offsets-6... (kafka.log.LogCleaner)
[2023-02-11 15:34:20,536] INFO Cleaner 0: Building offset map for log __consumer_offsets-6 for 1 segments in offset range [0, 199). (kafka.log.LogCleaner)
[2023-02-11 15:34:20,589] INFO Cleaner 0: Offset map for log __consumer_offsets-6 complete. (kafka.log.LogCleaner)
[2023-02-11 15:34:20,592] INFO Cleaner 0: Cleaning log __consumer_offsets-6 (cleaning prior to Tue Jan 31 23:33:49 IST 2023, discarding tombstones prior to upper bound deletion horizon Thu Jan 01 05:30:00 IST 1970)... (kafka.log.LogCleaner)
[2023-02-11 15:34:20,604] INFO Cleaner 0: Cleaning LogSegment(baseOffset=0, size=22513, lastModifiedTime=1675188229878, largestRecordTimestamp=Some(1675188229875)) in log __consumer_offsets-6 into 0 with an upper bound deletion horizon 0 computed from the segment last modified time of 1675188229878,retaining deletes. (kafka.log.LogCleaner)
[2023-02-11 15:34:20,657] INFO Cleaner 0: Swapping in cleaned segment LogSegment(baseOffset=0, size=310, lastModifiedTime=1675188229878, largestRecordTimestamp=Some(1675188229875)) for segment(s) List(LogSegment(baseOffset=0, size=22513, lastModifiedTime=1675188229878, largestRecordTimestamp=Some(1675188229875))) in log Log(dir=C:\tmp\kafka-logs\__consumer_offsets-6, topicId=WX2zNAFfSXyDCUNjGn6kLA, topic=__consumer_offsets, partition=6, highWatermark=200, lastStableOffset=200, logStartOffset=0, logEndOffset=200) (kafka.log.LogCleaner)
[2023-02-11 15:34:20,699] INFO Cleaner 0: Beginning cleaning of log __consumer_offsets-6 (kafka.log.LogCleaner)
[2023-02-11 15:34:20,699] INFO Cleaner 0: Building offset map for __consumer_offsets-6... (kafka.log.LogCleaner)
[2023-02-11 15:34:20,738] INFO Cleaner 0: Building offset map for log __consumer_offsets-6 for 1 segments in offset range [0, 199). (kafka.log.LogCleaner)
[2023-02-11 15:34:20,749] INFO Cleaner 0: Offset map for log __consumer_offsets-6 complete. (kafka.log.LogCleaner)
[2023-02-11 15:34:20,750] INFO Cleaner 0: Cleaning log __consumer_offsets-6 (cleaning prior to Tue Jan 31 23:33:49 IST 2023, discarding tombstones prior to upper bound deletion horizon Thu Jan 01 05:30:00 IST 1970)... (kafka.log.LogCleaner)
[2023-02-11 15:34:20,767] INFO Cleaner 0: Beginning cleaning of log __consumer_offsets-6 (kafka.log.LogCleaner)
[2023-02-11 15:34:20,767] INFO Cleaner 0: Building offset map for __consumer_offsets-6... (kafka.log.LogCleaner)
[2023-02-11 15:34:20,796] INFO Cleaner 0: Building offset map for log __consumer_offsets-6 for 1 segments in offset range [0, 199). (kafka.log.LogCleaner)
[2023-02-11 15:34:20,801] INFO Cleaner 0: Offset map for log __consumer_offsets-6 complete. (kafka.log.LogCleaner)
[2023-02-11 15:34:20,802] INFO Cleaner 0: Cleaning log __consumer_offsets-6 (cleaning prior to Tue Jan 31 23:33:49 IST 2023, discarding tombstones prior to upper bound deletion horizon Thu Jan 01 05:30:00 IST 1970)... (kafka.log.LogCleaner)
[2023-02-11 15:35:02,101] INFO Shutting down the log cleaner. (kafka.log.LogCleaner)
[2023-02-11 15:35:02,101] INFO [kafka-log-cleaner-thread-0]: Shutting down (kafka.log.LogCleaner)
[2023-02-11 15:35:02,102] INFO [kafka-log-cleaner-thread-0]: Stopped (kafka.log.LogCleaner)
[2023-02-11 15:35:02,102] INFO [kafka-log-cleaner-thread-0]: Shutdown completed (kafka.log.LogCleaner)
[2023-02-11 15:35:07,208] INFO Shutting down the log cleaner. (kafka.log.LogCleaner)
[2023-02-11 15:35:07,208] INFO [kafka-log-cleaner-thread-0]: Shutting down (kafka.log.LogCleaner)
[2023-02-11 15:35:07,209] INFO [kafka-log-cleaner-thread-0]: Stopped (kafka.log.LogCleaner)
[2023-02-11 15:35:07,209] INFO [kafka-log-cleaner-thread-0]: Shutdown completed (kafka.log.LogCleaner)
[2023-02-11 15:35:20,004] INFO Starting the log cleaner (kafka.log.LogCleaner)
[2023-02-11 15:35:20,093] INFO [kafka-log-cleaner-thread-0]: Starting (kafka.log.LogCleaner)
[2023-02-11 15:35:20,768] INFO Shutting down the log cleaner. (kafka.log.LogCleaner)
[2023-02-11 15:35:20,768] INFO [kafka-log-cleaner-thread-0]: Shutting down (kafka.log.LogCleaner)
[2023-02-11 15:35:20,771] INFO [kafka-log-cleaner-thread-0]: Stopped (kafka.log.LogCleaner)
[2023-02-11 15:35:20,771] INFO [kafka-log-cleaner-thread-0]: Shutdown completed (kafka.log.LogCleaner)
[2023-02-11 15:37:34,700] INFO Starting the log cleaner (kafka.log.LogCleaner)
[2023-02-11 15:37:34,788] INFO [kafka-log-cleaner-thread-0]: Starting (kafka.log.LogCleaner)
[2023-02-11 15:37:49,864] INFO Cleaner 0: Beginning cleaning of log __consumer_offsets-6 (kafka.log.LogCleaner)
[2023-02-11 15:37:49,864] INFO Cleaner 0: Building offset map for __consumer_offsets-6... (kafka.log.LogCleaner)
[2023-02-11 15:37:49,904] INFO Cleaner 0: Building offset map for log __consumer_offsets-6 for 1 segments in offset range [0, 199). (kafka.log.LogCleaner)
[2023-02-11 15:37:49,944] INFO Cleaner 0: Offset map for log __consumer_offsets-6 complete. (kafka.log.LogCleaner)
[2023-02-11 15:37:49,944] INFO Cleaner 0: Cleaning log __consumer_offsets-6 (cleaning prior to Tue Jan 31 23:33:49 IST 2023, discarding tombstones prior to upper bound deletion horizon Thu Jan 01 05:30:00 IST 1970)... (kafka.log.LogCleaner)
[2023-02-11 15:37:49,956] INFO Cleaner 0: Cleaning LogSegment(baseOffset=0, size=22513, lastModifiedTime=1675188229878, largestRecordTimestamp=Some(1675188229875)) in log __consumer_offsets-6 into 0 with an upper bound deletion horizon 0 computed from the segment last modified time of 1675188229878,retaining deletes. (kafka.log.LogCleaner)
[2023-02-11 15:37:50,014] INFO Cleaner 0: Swapping in cleaned segment LogSegment(baseOffset=0, size=310, lastModifiedTime=1675188229878, largestRecordTimestamp=Some(1675188229875)) for segment(s) List(LogSegment(baseOffset=0, size=22513, lastModifiedTime=1675188229878, largestRecordTimestamp=Some(1675188229875))) in log Log(dir=C:\tmp\kafka-logs\__consumer_offsets-6, topicId=WX2zNAFfSXyDCUNjGn6kLA, topic=__consumer_offsets, partition=6, highWatermark=200, lastStableOffset=200, logStartOffset=0, logEndOffset=200) (kafka.log.LogCleaner)
[2023-02-11 15:37:50,040] INFO Cleaner 0: Beginning cleaning of log __consumer_offsets-6 (kafka.log.LogCleaner)
[2023-02-11 15:37:50,040] INFO Cleaner 0: Building offset map for __consumer_offsets-6... (kafka.log.LogCleaner)
[2023-02-11 15:37:50,084] INFO Cleaner 0: Building offset map for log __consumer_offsets-6 for 1 segments in offset range [0, 199). (kafka.log.LogCleaner)
[2023-02-11 15:37:50,084] INFO Cleaner 0: Offset map for log __consumer_offsets-6 complete. (kafka.log.LogCleaner)
[2023-02-11 15:37:50,084] INFO Cleaner 0: Cleaning log __consumer_offsets-6 (cleaning prior to Tue Jan 31 23:33:49 IST 2023, discarding tombstones prior to upper bound deletion horizon Thu Jan 01 05:30:00 IST 1970)... (kafka.log.LogCleaner)
[2023-02-11 15:40:24,489] INFO Starting the log cleaner (kafka.log.LogCleaner)
[2023-02-11 15:40:24,600] INFO [kafka-log-cleaner-thread-0]: Starting (kafka.log.LogCleaner)
[2023-02-11 15:40:39,676] INFO Cleaner 0: Beginning cleaning of log __consumer_offsets-6 (kafka.log.LogCleaner)
[2023-02-11 15:40:39,677] INFO Cleaner 0: Building offset map for __consumer_offsets-6... (kafka.log.LogCleaner)
[2023-02-11 15:40:39,724] INFO Cleaner 0: Building offset map for log __consumer_offsets-6 for 1 segments in offset range [0, 199). (kafka.log.LogCleaner)
[2023-02-11 15:40:39,786] INFO Cleaner 0: Offset map for log __consumer_offsets-6 complete. (kafka.log.LogCleaner)
[2023-02-11 15:40:39,790] INFO Cleaner 0: Cleaning log __consumer_offsets-6 (cleaning prior to Tue Jan 31 23:33:49 IST 2023, discarding tombstones prior to upper bound deletion horizon Thu Jan 01 05:30:00 IST 1970)... (kafka.log.LogCleaner)
[2023-02-11 15:40:39,810] INFO Cleaner 0: Cleaning LogSegment(baseOffset=0, size=22513, lastModifiedTime=1675188229878, largestRecordTimestamp=Some(1675188229875)) in log __consumer_offsets-6 into 0 with an upper bound deletion horizon 0 computed from the segment last modified time of 1675188229878,retaining deletes. (kafka.log.LogCleaner)
[2023-02-11 15:40:39,871] INFO Cleaner 0: Swapping in cleaned segment LogSegment(baseOffset=0, size=310, lastModifiedTime=1675188229878, largestRecordTimestamp=Some(1675188229875)) for segment(s) List(LogSegment(baseOffset=0, size=22513, lastModifiedTime=1675188229878, largestRecordTimestamp=Some(1675188229875))) in log Log(dir=C:\tmp\kafka-logs\__consumer_offsets-6, topicId=WX2zNAFfSXyDCUNjGn6kLA, topic=__consumer_offsets, partition=6, highWatermark=200, lastStableOffset=200, logStartOffset=0, logEndOffset=200) (kafka.log.LogCleaner)
[2023-02-11 15:40:39,898] INFO Cleaner 0: Beginning cleaning of log __consumer_offsets-6 (kafka.log.LogCleaner)
[2023-02-11 15:40:39,898] INFO Cleaner 0: Building offset map for __consumer_offsets-6... (kafka.log.LogCleaner)
[2023-02-11 15:40:39,932] INFO Cleaner 0: Building offset map for log __consumer_offsets-6 for 1 segments in offset range [0, 199). (kafka.log.LogCleaner)
[2023-02-11 15:40:39,941] INFO Cleaner 0: Offset map for log __consumer_offsets-6 complete. (kafka.log.LogCleaner)
[2023-02-11 15:40:39,941] INFO Cleaner 0: Cleaning log __consumer_offsets-6 (cleaning prior to Tue Jan 31 23:33:49 IST 2023, discarding tombstones prior to upper bound deletion horizon Thu Jan 01 05:30:00 IST 1970)... (kafka.log.LogCleaner)
[2023-02-11 15:42:26,911] INFO Starting the log cleaner (kafka.log.LogCleaner)
[2023-02-11 15:42:27,018] INFO [kafka-log-cleaner-thread-0]: Starting (kafka.log.LogCleaner)
[2023-02-11 15:43:01,378] INFO Starting the log cleaner (kafka.log.LogCleaner)
[2023-02-11 15:43:01,451] INFO [kafka-log-cleaner-thread-0]: Starting (kafka.log.LogCleaner)
[2023-02-11 15:43:09,286] INFO Starting the log cleaner (kafka.log.LogCleaner)
[2023-02-11 15:43:09,381] INFO [kafka-log-cleaner-thread-0]: Starting (kafka.log.LogCleaner)
